2016-12-30 10:27:36,652 [INFO] from play.core.server.NettyServer in pool-6-thread-6 - Listening for HTTP on /0:0:0:0:0:0:0:0:9000
2016-12-30 10:34:07,379 [INFO] from application in ForkJoinPool-1-worker-1 - ApplicationTimer demo: Starting application at 2016-12-30T08:34:07.353Z.
2016-12-30 10:34:08,114 [INFO] from play.api.Play in ForkJoinPool-1-worker-1 - Application started (Dev)
2016-12-30 10:34:25,558 [ERROR] from com.websudos.phantom in pool-751-thread-2 - Undefined column name date
2016-12-30 10:34:25,558 [ERROR] from com.websudos.phantom in pool-751-thread-1 - Undefined column name date
2016-12-30 10:36:51,734 [ERROR] from com.websudos.phantom in pool-751-thread-3 - unconfigured table users
2016-12-30 10:36:56,912 [ERROR] from com.websudos.phantom in pool-751-thread-3 - unconfigured table users
2016-12-30 10:37:07,761 [ERROR] from com.websudos.phantom in pool-751-thread-3 - unconfigured table users
2016-12-30 10:38:24,724 [INFO] from application in application-akka.actor.default-dispatcher-21 - ApplicationTimer demo: Stopping application at 2016-12-30T08:38:24.724Z after 257s.
2016-12-30 10:38:24,891 [INFO] from application in application-akka.actor.default-dispatcher-21 - ApplicationTimer demo: Starting application at 2016-12-30T08:38:24.890Z.
2016-12-30 10:38:25,247 [INFO] from play.api.Play in application-akka.actor.default-dispatcher-21 - Application started (Dev)
2016-12-30 10:38:26,981 [ERROR] from com.websudos.phantom in pool-751-thread-4 - unconfigured table users
2016-12-30 10:38:32,359 [ERROR] from com.websudos.phantom in pool-751-thread-4 - unconfigured table users
2016-12-30 10:40:24,593 [INFO] from application in application-akka.actor.default-dispatcher-2 - ApplicationTimer demo: Stopping application at 2016-12-30T08:40:24.593Z after 120s.
2016-12-30 10:40:24,771 [INFO] from application in application-akka.actor.default-dispatcher-2 - ApplicationTimer demo: Starting application at 2016-12-30T08:40:24.770Z.
2016-12-30 10:40:25,045 [INFO] from play.api.Play in application-akka.actor.default-dispatcher-2 - Application started (Dev)
2016-12-30 10:43:17,926 [INFO] from application in application-akka.actor.default-dispatcher-3 - ApplicationTimer demo: Stopping application at 2016-12-30T08:43:17.926Z after 173s.
2016-12-30 10:43:18,070 [INFO] from application in application-akka.actor.default-dispatcher-3 - ApplicationTimer demo: Starting application at 2016-12-30T08:43:18.069Z.
2016-12-30 10:43:18,366 [INFO] from play.api.Play in application-akka.actor.default-dispatcher-3 - Application started (Dev)
2016-12-30 11:05:48,754 [ERROR] from com.websudos.phantom in pool-10-thread-1 - Cannot execute this query as it might involve data filtering and thus may have unpredictable performance. If you want to execute this query despite the performance unpredictability, use ALLOW FILTERING
2016-12-30 11:05:48,886 [ERROR] from com.websudos.phantom in pool-10-thread-1 - Some partition key parts are missing: siteid
2016-12-30 11:05:49,142 [ERROR] from com.websudos.phantom in pool-10-thread-2 - Cannot execute this query as it might involve data filtering and thus may have unpredictable performance. If you want to execute this query despite the performance unpredictability, use ALLOW FILTERING
2016-12-30 11:05:49,940 [INFO] from application in pool-1-thread-1-ScalaTest-running-RolesControllerTest - ApplicationTimer demo: Starting application at 2016-12-30T09:05:49.928Z.
2016-12-30 11:05:50,805 [INFO] from application in pool-1-thread-1-ScalaTest-running-RolesControllerTest - ApplicationTimer demo: Stopping application at 2016-12-30T09:05:50.805Z after 1s.
2016-12-30 11:05:50,920 [INFO] from application in pool-1-thread-1-ScalaTest-running-RolesControllerTest - ApplicationTimer demo: Starting application at 2016-12-30T09:05:50.920Z.
2016-12-30 11:05:50,977 [INFO] from application in pool-1-thread-1-ScalaTest-running-RolesControllerTest - ApplicationTimer demo: Stopping application at 2016-12-30T09:05:50.977Z after 0s.
2016-12-30 11:05:51,075 [INFO] from application in pool-1-thread-1-ScalaTest-running-RolesControllerTest - ApplicationTimer demo: Starting application at 2016-12-30T09:05:51.075Z.
2016-12-30 11:05:51,109 [INFO] from application in pool-1-thread-1-ScalaTest-running-RolesControllerTest - ApplicationTimer demo: Stopping application at 2016-12-30T09:05:51.109Z after 0s.
2016-12-30 11:05:51,307 [INFO] from application in pool-1-thread-1-ScalaTest-running-SystemEventsLogControllerTest - ApplicationTimer demo: Starting application at 2016-12-30T09:05:51.307Z.
2016-12-30 11:05:51,569 [INFO] from application in pool-1-thread-1-ScalaTest-running-SystemEventsLogControllerTest - ApplicationTimer demo: Stopping application at 2016-12-30T09:05:51.569Z after 0s.
2016-12-30 11:05:51,757 [INFO] from application in pool-1-thread-1-ScalaTest-running-SystemEventsLogControllerTest - ApplicationTimer demo: Starting application at 2016-12-30T09:05:51.757Z.
2016-12-30 11:05:51,829 [INFO] from application in pool-1-thread-1-ScalaTest-running-SystemEventsLogControllerTest - ApplicationTimer demo: Stopping application at 2016-12-30T09:05:51.829Z after 0s.
2016-12-30 11:05:51,928 [INFO] from application in pool-1-thread-1-ScalaTest-running-SystemEventsLogControllerTest - ApplicationTimer demo: Starting application at 2016-12-30T09:05:51.928Z.
2016-12-30 11:05:51,978 [INFO] from application in pool-1-thread-1-ScalaTest-running-SystemEventsLogControllerTest - ApplicationTimer demo: Stopping application at 2016-12-30T09:05:51.978Z after 0s.
2016-12-30 11:05:52,064 [INFO] from application in pool-1-thread-1-ScalaTest-running-SystemEventsLogControllerTest - ApplicationTimer demo: Starting application at 2016-12-30T09:05:52.064Z.
2016-12-30 11:05:52,114 [INFO] from application in pool-1-thread-1-ScalaTest-running-SystemEventsLogControllerTest - ApplicationTimer demo: Stopping application at 2016-12-30T09:05:52.114Z after 0s.
2016-12-30 11:05:52,190 [INFO] from application in pool-1-thread-1-ScalaTest-running-SystemEventsLogControllerTest - ApplicationTimer demo: Starting application at 2016-12-30T09:05:52.190Z.
2016-12-30 11:05:52,231 [INFO] from application in pool-1-thread-1-ScalaTest-running-SystemEventsLogControllerTest - ApplicationTimer demo: Stopping application at 2016-12-30T09:05:52.231Z after 0s.
2016-12-30 11:05:52,362 [INFO] from application in pool-1-thread-1-ScalaTest-running-TokenControllerTest - ApplicationTimer demo: Starting application at 2016-12-30T09:05:52.362Z.
2016-12-30 11:05:52,422 [INFO] from application in pool-1-thread-1-ScalaTest-running-TokenControllerTest - ApplicationTimer demo: Stopping application at 2016-12-30T09:05:52.422Z after 0s.
2016-12-30 11:05:52,565 [INFO] from application in pool-1-thread-1-ScalaTest-running-TokenControllerTest - ApplicationTimer demo: Starting application at 2016-12-30T09:05:52.565Z.
2016-12-30 11:05:52,606 [INFO] from application in pool-1-thread-1-ScalaTest-running-TokenControllerTest - ApplicationTimer demo: Stopping application at 2016-12-30T09:05:52.606Z after 0s.
2016-12-30 11:05:52,705 [INFO] from application in pool-1-thread-1-ScalaTest-running-TokenControllerTest - ApplicationTimer demo: Starting application at 2016-12-30T09:05:52.705Z.
2016-12-30 11:05:52,771 [INFO] from application in pool-1-thread-1-ScalaTest-running-TokenControllerTest - ApplicationTimer demo: Stopping application at 2016-12-30T09:05:52.771Z after 0s.
2016-12-30 11:05:52,861 [INFO] from application in pool-1-thread-1-ScalaTest-running-TokenControllerTest - ApplicationTimer demo: Starting application at 2016-12-30T09:05:52.861Z.
2016-12-30 11:05:52,899 [INFO] from application in pool-1-thread-1-ScalaTest-running-TokenControllerTest - ApplicationTimer demo: Stopping application at 2016-12-30T09:05:52.899Z after 0s.
2016-12-30 11:05:52,961 [INFO] from application in pool-1-thread-1-ScalaTest-running-TokenControllerTest - ApplicationTimer demo: Starting application at 2016-12-30T09:05:52.961Z.
2016-12-30 11:05:52,999 [INFO] from application in pool-1-thread-1-ScalaTest-running-TokenControllerTest - ApplicationTimer demo: Stopping application at 2016-12-30T09:05:52.999Z after 0s.
2016-12-30 11:05:53,101 [INFO] from application in pool-1-thread-1-ScalaTest-running-MailControllerTest - ApplicationTimer demo: Starting application at 2016-12-30T09:05:53.101Z.
2016-12-30 11:05:53,142 [INFO] from application in pool-1-thread-1-ScalaTest-running-MailControllerTest - ApplicationTimer demo: Stopping application at 2016-12-30T09:05:53.142Z after 0s.
2016-12-30 11:05:53,218 [INFO] from application in pool-1-thread-1-ScalaTest-running-MailControllerTest - ApplicationTimer demo: Starting application at 2016-12-30T09:05:53.218Z.
2016-12-30 11:05:53,267 [INFO] from application in pool-1-thread-1-ScalaTest-running-MailControllerTest - ApplicationTimer demo: Stopping application at 2016-12-30T09:05:53.267Z after 0s.
2016-12-30 11:05:53,405 [INFO] from application in pool-1-thread-1-ScalaTest-running-MailControllerTest - ApplicationTimer demo: Starting application at 2016-12-30T09:05:53.405Z.
2016-12-30 11:05:53,468 [INFO] from application in pool-1-thread-1-ScalaTest-running-MailControllerTest - ApplicationTimer demo: Stopping application at 2016-12-30T09:05:53.468Z after 0s.
2016-12-30 11:05:53,556 [INFO] from application in pool-1-thread-1-ScalaTest-running-MailControllerTest - ApplicationTimer demo: Starting application at 2016-12-30T09:05:53.556Z.
2016-12-30 11:05:53,600 [INFO] from application in pool-1-thread-1-ScalaTest-running-MailControllerTest - ApplicationTimer demo: Stopping application at 2016-12-30T09:05:53.600Z after 0s.
